  main.cpp
  player.cpp
C:\Users\olive\OneDrive\Game\Game\player.cpp(13,26): warning C4244: 'argument': conversion from 'int' to 'float', possible loss of data
C:\Users\olive\OneDrive\Game\Game\player.cpp(24,29): warning C4244: 'argument': conversion from 'int' to 'float', possible loss of data
  settings.cpp
  chunk.cpp
C:\Users\olive\OneDrive\Game\Game\chunk.cpp(18,42): warning C4244: 'argument': conversion from 'T' to 'T', possible loss of data
          with
          [
              T=int
          ]
          and
          [
              T=float
          ]
C:\Users\olive\OneDrive\Game\Game\chunk.cpp(18,35): warning C4244: 'argument': conversion from 'T' to 'T', possible loss of data
          with
          [
              T=int
          ]
          and
          [
              T=float
          ]
C:\Users\olive\OneDrive\Game\Game\chunk.cpp(38,103): warning C4244: 'argument': conversion from 'T' to 'T', possible loss of data
          with
          [
              T=int
          ]
          and
          [
              T=float
          ]
C:\Users\olive\OneDrive\Game\Game\chunk.cpp(38,69): warning C4244: 'argument': conversion from 'T' to 'T', possible loss of data
          with
          [
              T=int
          ]
          and
          [
              T=float
          ]
C:\Users\olive\OneDrive\Game\Game\chunk.cpp(73,115): warning C4244: 'argument': conversion from 'T' to 'T', possible loss of data
          with
          [
              T=int
          ]
          and
          [
              T=float
          ]
C:\Users\olive\OneDrive\Game\Game\chunk.cpp(73,76): warning C4244: 'argument': conversion from 'T' to 'T', possible loss of data
          with
          [
              T=int
          ]
          and
          [
              T=float
          ]
C:\Users\olive\OneDrive\Game\Game\chunk.cpp(147,47): warning C4244: 'argument': conversion from 'T' to 'T', possible loss of data
          with
          [
              T=int
          ]
          and
          [
              T=float
          ]
C:\Users\olive\OneDrive\Game\Game\chunk.cpp(147,35): warning C4244: 'argument': conversion from 'T' to 'T', possible loss of data
          with
          [
              T=int
          ]
          and
          [
              T=float
          ]
C:\Users\olive\OneDrive\Game\Game\chunk.cpp(148,61): warning C4244: 'argument': conversion from 'T' to 'T', possible loss of data
          with
          [
              T=int
          ]
          and
          [
              T=float
          ]
C:\Users\olive\OneDrive\Game\Game\chunk.cpp(148,44): warning C4244: 'argument': conversion from 'T' to 'T', possible loss of data
          with
          [
              T=unsigned int
          ]
          and
          [
              T=float
          ]
C:\Users\olive\OneDrive\Game\Game\chunk.cpp(149,70): warning C4244: 'argument': conversion from 'T' to 'T', possible loss of data
          with
          [
              T=unsigned int
          ]
          and
          [
              T=float
          ]
C:\Users\olive\OneDrive\Game\Game\chunk.cpp(149,44): warning C4244: 'argument': conversion from 'T' to 'T', possible loss of data
          with
          [
              T=unsigned int
          ]
          and
          [
              T=float
          ]
C:\Users\olive\OneDrive\Game\Game\chunk.cpp(150,56): warning C4244: 'argument': conversion from 'T' to 'T', possible loss of data
          with
          [
              T=unsigned int
          ]
          and
          [
              T=float
          ]
C:\Users\olive\OneDrive\Game\Game\chunk.cpp(150,35): warning C4244: 'argument': conversion from 'T' to 'T', possible loss of data
          with
          [
              T=int
          ]
          and
          [
              T=float
          ]
C:\Users\olive\OneDrive\Game\Game\chunk.cpp(159,28): warning C4244: 'argument': conversion from 'float' to 'T', possible loss of data
          with
          [
              T=int
          ]
C:\Users\olive\OneDrive\Game\Game\chunk.cpp(159,22): warning C4244: 'argument': conversion from 'const float' to 'T', possible loss of data
          with
          [
              T=int
          ]
C:\Users\olive\OneDrive\Game\Game\chunk.cpp(180,71): warning C4244: 'argument': conversion from 'T' to 'T', possible loss of data
          with
          [
              T=int
          ]
          and
          [
              T=float
          ]
C:\Users\olive\OneDrive\Game\Game\chunk.cpp(180,51): warning C4244: 'argument': conversion from 'T' to 'T', possible loss of data
          with
          [
              T=int
          ]
          and
          [
              T=float
          ]
C:\Users\olive\OneDrive\Game\Game\chunk.cpp(186,72): warning C4244: 'argument': conversion from 'T' to 'T', possible loss of data
          with
          [
              T=int
          ]
          and
          [
              T=float
          ]
C:\Users\olive\OneDrive\Game\Game\chunk.cpp(186,52): warning C4244: 'argument': conversion from 'T' to 'T', possible loss of data
          with
          [
              T=int
          ]
          and
          [
              T=float
          ]
C:\Users\olive\OneDrive\Game\Game\chunk.cpp(191,48): warning C4244: 'argument': conversion from 'T' to 'T', possible loss of data
          with
          [
              T=int
          ]
          and
          [
              T=float
          ]
C:\Users\olive\OneDrive\Game\Game\chunk.cpp(214,62): warning C4244: 'initializing': conversion from 'T' to 'int', possible loss of data
          with
          [
              T=float
          ]
C:\Users\olive\OneDrive\Game\Game\chunk.cpp(214,21): warning C4244: 'initializing': conversion from 'T' to 'const int', possible loss of data
          with
          [
              T=float
          ]
  window.cpp
  world.cpp
  Generating Code...
  Game.vcxproj -> C:\Users\olive\OneDrive\Game\x64\Debug\Game.exe
