  main.cpp
  player.cpp
C:\Users\olive\source\repos\Game\Game\player.cpp(57,51): warning C4244: '=': conversion from 'T' to 'T', possible loss of data
          with
          [
              T=float
          ]
          and
          [
              T=unsigned int
          ]
C:\Users\olive\source\repos\Game\Game\player.cpp(59,51): warning C4244: '=': conversion from 'T' to 'T', possible loss of data
          with
          [
              T=float
          ]
          and
          [
              T=unsigned int
          ]
  tile_map.cpp
C:\Users\olive\source\repos\Game\Game\tile_map.cpp(24,61): warning C4244: 'initializing': conversion from 'T' to 'int', possible loss of data
          with
          [
              T=float
          ]
C:\Users\olive\source\repos\Game\Game\tile_map.cpp(24,20): warning C4244: 'initializing': conversion from 'T' to 'const int', possible loss of data
          with
          [
              T=float
          ]
C:\Users\olive\source\repos\Game\Game\tile_map.cpp(57,90): warning C4244: 'argument': conversion from 'int' to 'T', possible loss of data
          with
          [
              T=float
          ]
C:\Users\olive\source\repos\Game\Game\tile_map.cpp(57,66): warning C4244: 'argument': conversion from 'int' to 'T', possible loss of data
          with
          [
              T=float
          ]
C:\Users\olive\source\repos\Game\Game\tile_map.cpp(103,82): warning C4244: 'argument': conversion from 'const T' to 'T', possible loss of data
          with
          [
              T=int
          ]
          and
          [
              T=float
          ]
C:\Users\olive\source\repos\Game\Game\tile_map.cpp(103,70): warning C4244: 'argument': conversion from 'const T' to 'T', possible loss of data
          with
          [
              T=int
          ]
          and
          [
              T=float
          ]
C:\Users\olive\source\repos\Game\Game\tile_map.cpp(179,47): warning C4244: 'argument': conversion from 'T' to 'T', possible loss of data
          with
          [
              T=int
          ]
          and
          [
              T=float
          ]
C:\Users\olive\source\repos\Game\Game\tile_map.cpp(179,35): warning C4244: 'argument': conversion from 'T' to 'T', possible loss of data
          with
          [
              T=int
          ]
          and
          [
              T=float
          ]
C:\Users\olive\source\repos\Game\Game\tile_map.cpp(180,61): warning C4244: 'argument': conversion from 'T' to 'T', possible loss of data
          with
          [
              T=int
          ]
          and
          [
              T=float
          ]
C:\Users\olive\source\repos\Game\Game\tile_map.cpp(180,44): warning C4244: 'argument': conversion from 'T' to 'T', possible loss of data
          with
          [
              T=unsigned int
          ]
          and
          [
              T=float
          ]
C:\Users\olive\source\repos\Game\Game\tile_map.cpp(181,70): warning C4244: 'argument': conversion from 'T' to 'T', possible loss of data
          with
          [
              T=unsigned int
          ]
          and
          [
              T=float
          ]
C:\Users\olive\source\repos\Game\Game\tile_map.cpp(181,44): warning C4244: 'argument': conversion from 'T' to 'T', possible loss of data
          with
          [
              T=unsigned int
          ]
          and
          [
              T=float
          ]
C:\Users\olive\source\repos\Game\Game\tile_map.cpp(182,56): warning C4244: 'argument': conversion from 'T' to 'T', possible loss of data
          with
          [
              T=unsigned int
          ]
          and
          [
              T=float
          ]
C:\Users\olive\source\repos\Game\Game\tile_map.cpp(182,35): warning C4244: 'argument': conversion from 'T' to 'T', possible loss of data
          with
          [
              T=int
          ]
          and
          [
              T=float
          ]
  window.cpp
  Generating code
  106 of 296 functions (35.8%) were compiled, the rest were copied from previous compilation.
    58 functions were new in current compilation
    50 functions had inline decision re-evaluated but remain unchanged
  Finished generating code
  Game.vcxproj -> C:\Users\olive\source\repos\Game\Release\Game.exe
